Determining if the pthread_create exist failed with the following output:
Change Dir: /home/lele/项目/C++/RalFlight/cmake-build-debug/CMakeFiles/CMakeTmp

Run Build Command:"/usr/bin/make" "cmTC_a6f8f/fast"
/usr/bin/make -f CMakeFiles/cmTC_a6f8f.dir/build.make CMakeFiles/cmTC_a6f8f.dir/build
make[1]: Entering directory '/home/lele/项目/C++/RalFlight/cmake-build-debug/CMakeFiles/CMakeTmp'
Building C object CMakeFiles/cmTC_a6f8f.dir/CheckSymbolExists.c.o
/usr/bin/cc    -o CMakeFiles/cmTC_a6f8f.dir/CheckSymbolExists.c.o   -c /home/lele/项目/C++/RalFlight/cmake-build-debug/CMakeFiles/CMakeTmp/CheckSymbolExists.c
Linking C executable cmTC_a6f8f
/opt/clion-2017.3.2/bin/cmake/bin/cmake -E cmake_link_script CMakeFiles/cmTC_a6f8f.dir/link.txt --verbose=1
/usr/bin/cc      CMakeFiles/cmTC_a6f8f.dir/CheckSymbolExists.c.o  -o cmTC_a6f8f 
CMakeFiles/cmTC_a6f8f.dir/CheckSymbolExists.c.o：在函数‘main’中：
CheckSymbolExists.c:(.text+0x1b)：对‘pthread_create’未定义的引用
collect2: error: ld returned 1 exit status
CMakeFiles/cmTC_a6f8f.dir/build.make:97: recipe for target 'cmTC_a6f8f' failed
make[1]: *** [cmTC_a6f8f] Error 1
make[1]: Leaving directory '/home/lele/项目/C++/RalFlight/cmake-build-debug/CMakeFiles/CMakeTmp'
Makefile:126: recipe for target 'cmTC_a6f8f/fast' failed
make: *** [cmTC_a6f8f/fast] Error 2

File /home/lele/项目/C++/RalFlight/cmake-build-debug/CMakeFiles/CMakeTmp/CheckSymbolExists.c:
/* */
#include <pthread.h>

int main(int argc, char** argv)
{
  (void)argv;
#ifndef pthread_create
  return ((int*)(&pthread_create))[argc];
#else
  (void)argc;
  return 0;
#endif
}

